t=2025-12-13T13:41:51+0200 lvl=info msg="no configuration paths supplied"
t=2025-12-13T13:41:51+0200 lvl=info msg="using configuration at default config path" path=/home/shaun/.config/ngrok/ngrok.yml
t=2025-12-13T13:41:51+0200 lvl=info msg="open config file" path=/home/shaun/.config/ngrok/ngrok.yml err=nil
t=2025-12-13T13:41:51+0200 lvl=info msg="FIPS 140 mode" enabled=false
t=2025-12-13T13:41:52+0200 lvl=info msg="starting web service" obj=web addr=127.0.0.1:4040 allow_hosts=[]
t=2025-12-13T13:41:53+0200 lvl=info msg=start pg=/api/tunnels id=d2ebc0750434866e
t=2025-12-13T13:41:53+0200 lvl=info msg=end pg=/api/tunnels id=d2ebc0750434866e status=200 dur=1.018513ms
t=2025-12-13T13:41:53+0200 lvl=info msg="update available" obj=updater
t=2025-12-13T13:41:54+0200 lvl=info msg="client session established" obj=tunnels.session
t=2025-12-13T13:41:54+0200 lvl=info msg="tunnel session started" obj=tunnels.session
t=2025-12-13T13:41:54+0200 lvl=info msg=start pg=/api/tunnels id=7a8415fe1dcbdc3a
t=2025-12-13T13:41:54+0200 lvl=info msg=end pg=/api/tunnels id=7a8415fe1dcbdc3a status=200 dur=353.609µs
t=2025-12-13T13:41:55+0200 lvl=info msg="started tunnel" obj=tunnels name=command_line addr=http://localhost:5173 url=https://unglaring-gianna-noneligibly.ngrok-free.dev
t=2025-12-13T13:41:55+0200 lvl=info msg=start pg=/api/tunnels id=5c4d57e6bf5035a8
t=2025-12-13T13:41:55+0200 lvl=info msg=end pg=/api/tunnels id=5c4d57e6bf5035a8 status=200 dur=574.561µs
t=2025-12-13T13:51:20+0200 lvl=eror msg="heartbeat timeout, terminating session" obj=tunnels.session obj=csess id=cd65c54defe7 clientid=15451020c7d71da2ec5eb23369f77b06
t=2025-12-13T13:51:20+0200 lvl=eror msg="session closed, starting reconnect loop" obj=tunnels.session obj=csess id=d9f8a1ae9d24 err="session closed"
t=2025-12-13T13:51:21+0200 lvl=info msg="client session established" obj=tunnels.session
t=2025-12-13T13:51:21+0200 lvl=info msg="tunnel session started" obj=tunnels.session
t=2025-12-13T13:58:16+0200 lvl=eror msg="heartbeat timeout, terminating session" obj=tunnels.session obj=csess id=485f8fc0f96a clientid=15451020c7d71da2ec5eb23369f77b06
t=2025-12-13T13:58:16+0200 lvl=eror msg="session closed, starting reconnect loop" obj=tunnels.session obj=csess id=d9f8a1ae9d24 err="session closed"
t=2025-12-13T13:58:26+0200 lvl=eror msg="failed to reconnect session" obj=tunnels.session err="failed to dial ngrok server with address \"connect.ngrok-agent.com:443\": dial tcp: lookup connect.ngrok-agent.com: i/o timeout"
t=2025-12-13T13:58:36+0200 lvl=eror msg="failed to reconnect session" obj=tunnels.session err="failed to dial ngrok server with address \"connect.ngrok-agent.com:443\": dial tcp 3.108.208.206:443: i/o timeout"
t=2025-12-13T13:58:48+0200 lvl=info msg="client session established" obj=tunnels.session
t=2025-12-13T13:58:48+0200 lvl=info msg="tunnel session started" obj=tunnels.session
t=2025-12-13T14:00:22+0200 lvl=eror msg="heartbeat timeout, terminating session" obj=tunnels.session obj=csess id=132ad2d2cbb5 clientid=15451020c7d71da2ec5eb23369f77b06
t=2025-12-13T14:00:22+0200 lvl=eror msg="session closed, starting reconnect loop" obj=tunnels.session obj=csess id=d9f8a1ae9d24 err="session closed"
t=2025-12-13T14:00:32+0200 lvl=info msg="client session established" obj=tunnels.session
t=2025-12-13T14:00:32+0200 lvl=info msg="tunnel session started" obj=tunnels.session
t=2025-12-13T14:01:23+0200 lvl=eror msg="heartbeat timeout, terminating session" obj=tunnels.session obj=csess id=f131f30a016a clientid=15451020c7d71da2ec5eb23369f77b06
t=2025-12-13T14:01:23+0200 lvl=eror msg="session closed, starting reconnect loop" obj=tunnels.session obj=csess id=d9f8a1ae9d24 err="session closed"
t=2025-12-13T14:01:49+0200 lvl=eror msg="heartbeat timeout, terminating session" obj=tunnels.session obj=csess id=5b05a1c9fd14 clientid=15451020c7d71da2ec5eb23369f77b06
t=2025-12-13T14:01:49+0200 lvl=eror msg="failed to reconnect session" obj=tunnels.session err="session closed"
t=2025-12-13T14:01:54+0200 lvl=info msg="client session established" obj=tunnels.session
t=2025-12-13T14:01:54+0200 lvl=info msg="tunnel session started" obj=tunnels.session
t=2025-12-13T14:09:18+0200 lvl=eror msg="heartbeat timeout, terminating session" obj=tunnels.session obj=csess id=630b57dc0d7b clientid=15451020c7d71da2ec5eb23369f77b06
t=2025-12-13T14:09:18+0200 lvl=eror msg="session closed, starting reconnect loop" obj=tunnels.session obj=csess id=d9f8a1ae9d24 err="session closed"
t=2025-12-13T14:09:28+0200 lvl=eror msg="failed to reconnect session" obj=tunnels.session err="failed to dial ngrok server with address \"connect.ngrok-agent.com:443\": dial tcp: lookup connect.ngrok-agent.com: i/o timeout"
t=2025-12-13T14:09:49+0200 lvl=info msg="client session established" obj=tunnels.session
t=2025-12-13T14:09:49+0200 lvl=info msg="tunnel session started" obj=tunnels.session
